<?xml version="1.0" encoding="UTF-8"?>
<!-- Generated by org.testng.reporters.JUnitXMLReporter -->
<testsuite ignored="0" hostname="HUUNGHIA" failures="0" tests="3" name="Default test" time="3.916" errors="0" timestamp="2024-04-21T00:36:19 ICT">
  <testcase classname="com.poly.test_resultExcel.SaveTestNGtoResultExcel" name="launchWebsite" time="0.739"/>
  <testcase classname="com.poly.test_resultExcel.SaveTestNGtoResultExcel" name="fillLoginDetail" time="1.203"/>
  <testcase classname="com.poly.test_resultExcel.SaveTestNGtoResultExcel" name="doLogin" time="0.081"/>
</testsuite> <!-- Default test -->
