<?xml version="1.0" encoding="UTF-8"?>
<testng-results ignored="0" total="3" passed="3" failed="0" skipped="0">
  <reporter-output>
  </reporter-output>
  <suite started-at="2024-04-21T00:36:15 ICT" name="Default suite" finished-at="2024-04-21T00:36:19 ICT" duration-ms="3916">
    <groups>
    </groups>
    <test started-at="2024-04-21T00:36:15 ICT" name="Default test" finished-at="2024-04-21T00:36:19 ICT" duration-ms="3916">
      <class name="com.poly.test_resultExcel.SaveTestNGtoResultExcel">
        <test-method is-config="true" signature="suiteSetUp()[pri:0, instance:com.poly.test_resultExcel.SaveTestNGtoResultExcel@4f18837a]" started-at="2024-04-21T00:36:15 ICT" name="suiteSetUp" finished-at="2024-04-21T00:36:17 ICT" duration-ms="1783" status="PASS">
          <reporter-output>
          </reporter-output>
        </test-method> <!-- suiteSetUp -->
        <test-method signature="launchWebsite()[pri:0, instance:com.poly.test_resultExcel.SaveTestNGtoResultExcel@4f18837a]" started-at="2024-04-21T00:36:17 ICT" name="launchWebsite" finished-at="2024-04-21T00:36:18 ICT" duration-ms="739" status="PASS">
          <reporter-output>
          </reporter-output>
        </test-method> <!-- launchWebsite -->
        <test-method signature="fillLoginDetail()[pri:1, instance:com.poly.test_resultExcel.SaveTestNGtoResultExcel@4f18837a]" started-at="2024-04-21T00:36:18 ICT" name="fillLoginDetail" finished-at="2024-04-21T00:36:19 ICT" duration-ms="1203" status="PASS">
          <reporter-output>
          </reporter-output>
        </test-method> <!-- fillLoginDetail -->
        <test-method signature="doLogin()[pri:2, instance:com.poly.test_resultExcel.SaveTestNGtoResultExcel@4f18837a]" started-at="2024-04-21T00:36:19 ICT" name="doLogin" finished-at="2024-04-21T00:36:19 ICT" duration-ms="81" status="PASS">
          <reporter-output>
          </reporter-output>
        </test-method> <!-- doLogin -->
        <test-method is-config="true" signature="afterClass()[pri:0, instance:com.poly.test_resultExcel.SaveTestNGtoResultExcel@4f18837a]" started-at="2024-04-21T00:36:19 ICT" name="afterClass" finished-at="2024-04-21T00:36:19 ICT" duration-ms="53" status="PASS">
          <reporter-output>
          </reporter-output>
        </test-method> <!-- afterClass -->
      </class> <!-- com.poly.test_resultExcel.SaveTestNGtoResultExcel -->
    </test> <!-- Default test -->
  </suite> <!-- Default suite -->
</testng-results>
